0 info it worked if it ends with ok
1 verbose cli [ 'C:\\Program Files\\nodejs\\\\node.exe',
1 verbose cli   'C:\\Program Files\\nodejs\\node_modules\\npm\\bin\\npm-cli.js',
1 verbose cli   'install',
1 verbose cli   'ursa' ]
2 info using npm@2.10.1
3 info using node@v0.12.4
4 verbose install initial load of C:\Users\Kevin\Documents\GitHub\mmo-online-hd\mmo-online-2\node\package.json
5 verbose installManyTop reading scoped package data from C:\Users\Kevin\Documents\GitHub\mmo-online-hd\mmo-online-2\node\node_modules\express\package.json
6 verbose installManyTop reading scoped package data from C:\Users\Kevin\Documents\GitHub\mmo-online-hd\mmo-online-2\node\node_modules\fs\package.json
7 verbose installManyTop reading scoped package data from C:\Users\Kevin\Documents\GitHub\mmo-online-hd\mmo-online-2\node\node_modules\mysql\package.json
8 verbose installManyTop reading scoped package data from C:\Users\Kevin\Documents\GitHub\mmo-online-hd\mmo-online-2\node\node_modules\util\package.json
9 verbose installManyTop reading scoped package data from C:\Users\Kevin\Documents\GitHub\mmo-online-hd\mmo-online-2\node\node_modules\ws\package.json
10 info package.json util@0.10.3 util is also the name of a node core module.
11 info package.json fs@0.0.2 fs is also the name of a node core module.
12 info package.json fs@0.0.2 No description
13 info package.json fs@0.0.2 No repository field.
14 info package.json fs@0.0.2 No README data
15 verbose readDependencies loading dependencies from C:\Users\Kevin\Documents\GitHub\mmo-online-hd\mmo-online-2\node\package.json
16 silly cache add args [ 'ursa', null ]
17 verbose cache add spec ursa
18 silly cache add parsed spec { raw: 'ursa',
18 silly cache add   scope: null,
18 silly cache add   name: 'ursa',
18 silly cache add   rawSpec: '',
18 silly cache add   spec: '*',
18 silly cache add   type: 'range' }
19 silly addNamed ursa@*
20 verbose addNamed "*" is a valid semver range for ursa
21 silly addNameRange { name: 'ursa', range: '*', hasData: false }
22 silly mapToRegistry name ursa
23 silly mapToRegistry using default registry
24 silly mapToRegistry registry https://registry.npmjs.org/
25 silly mapToRegistry uri https://registry.npmjs.org/ursa
26 verbose addNameRange registry:https://registry.npmjs.org/ursa not in flight; fetching
27 verbose request uri https://registry.npmjs.org/ursa
28 verbose request no auth needed
29 info attempt registry request try #1 at 8:22:48 PM
30 verbose request id c47156e9bea14d11
31 http request GET https://registry.npmjs.org/ursa
32 http 200 https://registry.npmjs.org/ursa
33 silly get cb [ 200,
33 silly get   { server: 'CouchDB/1.5.0 (Erlang OTP/R16B03)',
33 silly get     etag: '"C71QUTA3UFQ1PI7TDP1WR0HGS"',
33 silly get     'content-type': 'application/json',
33 silly get     'cache-control': 'max-age=60',
33 silly get     'content-length': '47133',
33 silly get     'accept-ranges': 'bytes',
33 silly get     date: 'Sat, 25 Jul 2015 03:22:50 GMT',
33 silly get     via: '1.1 varnish',
33 silly get     age: '0',
33 silly get     connection: 'keep-alive',
33 silly get     'x-served-by': 'cache-sjc3135-SJC',
33 silly get     'x-cache': 'MISS',
33 silly get     'x-cache-hits': '0',
33 silly get     'x-timer': 'S1437794570.190873,VS0,VE98',
33 silly get     vary: 'Accept' } ]
34 verbose get saving ursa to C:\Users\Kevin\AppData\Roaming\npm-cache\registry.npmjs.org\ursa\.cache.json
35 silly addNameRange number 2 { name: 'ursa', range: '*', hasData: true }
36 silly addNameRange versions [ 'ursa',
36 silly addNameRange   [ '0.4.10',
36 silly addNameRange     '0.4.11',
36 silly addNameRange     '0.4.12',
36 silly addNameRange     '0.4.13',
36 silly addNameRange     '0.6.0',
36 silly addNameRange     '0.6.1',
36 silly addNameRange     '0.6.2',
36 silly addNameRange     '0.6.3',
36 silly addNameRange     '0.6.4',
36 silly addNameRange     '0.6.5',
36 silly addNameRange     '0.6.6',
36 silly addNameRange     '0.6.7',
36 silly addNameRange     '0.6.8',
36 silly addNameRange     '0.6.9',
36 silly addNameRange     '0.7.0',
36 silly addNameRange     '0.8.0',
36 silly addNameRange     '0.8.1',
36 silly addNameRange     '0.8.2',
36 silly addNameRange     '0.8.3',
36 silly addNameRange     '0.8.4',
36 silly addNameRange     '0.8.5' ] ]
37 silly addNamed ursa@0.8.5
38 verbose addNamed "0.8.5" is a plain semver version for ursa
39 silly mapToRegistry name ursa
40 silly mapToRegistry using default registry
41 silly mapToRegistry registry https://registry.npmjs.org/
42 silly mapToRegistry uri https://registry.npmjs.org/ursa
43 verbose addRemoteTarball https://registry.npmjs.org/ursa/-/ursa-0.8.5.tgz not in flight; adding
44 verbose addRemoteTarball [ 'https://registry.npmjs.org/ursa/-/ursa-0.8.5.tgz',
44 verbose addRemoteTarball   'cb6beca9808840de0c9e6057153be3b1901431b6' ]
45 info retry fetch attempt 1 at 8:22:49 PM
46 info attempt registry request try #1 at 8:22:49 PM
47 http fetch GET https://registry.npmjs.org/ursa/-/ursa-0.8.5.tgz
48 http fetch 200 https://registry.npmjs.org/ursa/-/ursa-0.8.5.tgz
49 silly fetchAndShaCheck shasum cb6beca9808840de0c9e6057153be3b1901431b6
50 verbose addTmpTarball C:\Users\Kevin\AppData\Local\Temp\npm-8628-a764405f\registry.npmjs.org\ursa\-\ursa-0.8.5.tgz not in flight; adding
51 verbose addTmpTarball already have metadata; skipping unpack for ursa@0.8.5
52 silly cache afterAdd ursa@0.8.5
53 verbose afterAdd C:\Users\Kevin\AppData\Roaming\npm-cache\ursa\0.8.5\package\package.json not in flight; writing
54 verbose afterAdd C:\Users\Kevin\AppData\Roaming\npm-cache\ursa\0.8.5\package\package.json written
55 silly install resolved [ { name: 'ursa',
55 silly install resolved     version: '0.8.5',
55 silly install resolved     keywords:
55 silly install resolved      [ 'crypto',
55 silly install resolved        'key',
55 silly install resolved        'openssl',
55 silly install resolved        'private',
55 silly install resolved        'public',
55 silly install resolved        'rsa',
55 silly install resolved        'sign',
55 silly install resolved        'signature',
55 silly install resolved        'verify',
55 silly install resolved        'verification',
55 silly install resolved        'hash',
55 silly install resolved        'digest' ],
55 silly install resolved     description: 'RSA public/private key OpenSSL bindings for node and io.js',
55 silly install resolved     homepage: 'https://github.com/quartzjer/ursa',
55 silly install resolved     repository:
55 silly install resolved      { type: 'git',
55 silly install resolved        url: 'git+https://github.com/quartzjer/ursa.git' },
55 silly install resolved     license: 'Apache-2.0',
55 silly install resolved     author:
55 silly install resolved      { name: 'Dan Bornstein',
55 silly install resolved        email: 'danfuzz@milk.com',
55 silly install resolved        url: 'http://www.milk.com/' },
55 silly install resolved     maintainers: [ [Object], [Object], [Object], [Object], [Object] ],
55 silly install resolved     main: 'lib/ursa.js',
55 silly install resolved     engine: { node: '>=0.6.0' },
55 silly install resolved     scripts: { test: 'node test/test.js', install: 'node-gyp rebuild' },
55 silly install resolved     dependencies: { bindings: '^1.2.1', nan: '^1.7.0' },
55 silly install resolved     gypfile: true,
55 silly install resolved     gitHead: '2b475049d5c3fdb90464f3ca42e35bf33afcec3c',
55 silly install resolved     bugs: { url: 'https://github.com/quartzjer/ursa/issues' },
55 silly install resolved     _id: 'ursa@0.8.5',
55 silly install resolved     _shasum: 'cb6beca9808840de0c9e6057153be3b1901431b6',
55 silly install resolved     _from: 'ursa@*',
55 silly install resolved     _npmVersion: '2.10.1',
55 silly install resolved     _nodeVersion: '2.1.0',
55 silly install resolved     _npmUser: { name: 'quartzjer', email: 'jeremie@jabber.org' },
55 silly install resolved     dist:
55 silly install resolved      { shasum: 'cb6beca9808840de0c9e6057153be3b1901431b6',
55 silly install resolved        tarball: 'http://registry.npmjs.org/ursa/-/ursa-0.8.5.tgz' },
55 silly install resolved     directories: {},
55 silly install resolved     _resolved: 'https://registry.npmjs.org/ursa/-/ursa-0.8.5.tgz' } ]
56 info install ursa@0.8.5 into C:\Users\Kevin\Documents\GitHub\mmo-online-hd\mmo-online-2\node
57 info installOne ursa@0.8.5
58 verbose installOne of ursa to C:\Users\Kevin\Documents\GitHub\mmo-online-hd\mmo-online-2\node not in flight; installing
59 verbose lock using C:\Users\Kevin\AppData\Roaming\npm-cache\_locks\ursa-15e45be734d0ef50.lock for C:\Users\Kevin\Documents\GitHub\mmo-online-hd\mmo-online-2\node\node_modules\ursa
60 silly install write writing ursa 0.8.5 to C:\Users\Kevin\Documents\GitHub\mmo-online-hd\mmo-online-2\node\node_modules\ursa
61 verbose unbuild node_modules\ursa
62 silly gentlyRm C:\Users\Kevin\Documents\GitHub\mmo-online-hd\mmo-online-2\node\node_modules\ursa is being purged from base C:\Users\Kevin\Documents\GitHub\mmo-online-hd\mmo-online-2\node
63 verbose gentlyRm don't care about contents; nuking C:\Users\Kevin\Documents\GitHub\mmo-online-hd\mmo-online-2\node\node_modules\ursa
64 verbose tar unpack C:\Users\Kevin\AppData\Roaming\npm-cache\ursa\0.8.5\package.tgz
65 verbose tar unpacking to C:\Users\Kevin\Documents\GitHub\mmo-online-hd\mmo-online-2\node\node_modules\ursa
66 silly gentlyRm C:\Users\Kevin\Documents\GitHub\mmo-online-hd\mmo-online-2\node\node_modules\ursa is being purged
67 verbose gentlyRm don't care about contents; nuking C:\Users\Kevin\Documents\GitHub\mmo-online-hd\mmo-online-2\node\node_modules\ursa
68 silly gunzTarPerm modes [ '777', '666' ]
69 silly gunzTarPerm extractEntry package.json
70 silly gunzTarPerm modified mode [ 'package.json', 420, 438 ]
71 silly gunzTarPerm extractEntry .npmignore
72 silly gunzTarPerm modified mode [ '.npmignore', 420, 438 ]
73 silly gunzTarPerm extractEntry README.md
74 silly gunzTarPerm modified mode [ 'README.md', 420, 438 ]
75 silly gunzTarPerm extractEntry binding.gyp
76 silly gunzTarPerm modified mode [ 'binding.gyp', 420, 438 ]
77 silly gunzTarPerm extractEntry .travis.yml
78 silly gunzTarPerm modified mode [ '.travis.yml', 420, 438 ]
79 silly gunzTarPerm extractEntry lib/ursa.js
80 silly gunzTarPerm modified mode [ 'lib/ursa.js', 420, 438 ]
81 silly gunzTarPerm extractEntry src/asprintf.cc
82 silly gunzTarPerm modified mode [ 'src/asprintf.cc', 420, 438 ]
83 silly gunzTarPerm extractEntry src/asprintf.h
84 silly gunzTarPerm modified mode [ 'src/asprintf.h', 420, 438 ]
85 silly gunzTarPerm extractEntry src/ursaNative.cc
86 silly gunzTarPerm modified mode [ 'src/ursaNative.cc', 420, 438 ]
87 silly gunzTarPerm extractEntry src/ursaNative.h
88 silly gunzTarPerm modified mode [ 'src/ursaNative.h', 420, 438 ]
89 silly gunzTarPerm extractEntry LICENSE.txt
90 silly gunzTarPerm modified mode [ 'LICENSE.txt', 420, 438 ]
91 silly gunzTarPerm extractEntry test/fixture.js
92 silly gunzTarPerm modified mode [ 'test/fixture.js', 420, 438 ]
93 silly gunzTarPerm extractEntry test/native.js
94 silly gunzTarPerm modified mode [ 'test/native.js', 420, 438 ]
95 silly gunzTarPerm extractEntry test/test.js
96 silly gunzTarPerm modified mode [ 'test/test.js', 420, 438 ]
97 silly gunzTarPerm extractEntry test/blort.pub
98 silly gunzTarPerm modified mode [ 'test/blort.pub', 420, 438 ]
99 silly gunzTarPerm extractEntry test/blort.sshpub
100 silly gunzTarPerm modified mode [ 'test/blort.sshpub', 420, 438 ]
101 silly gunzTarPerm extractEntry test/blort-pass.pem
102 silly gunzTarPerm modified mode [ 'test/blort-pass.pem', 420, 438 ]
103 silly gunzTarPerm extractEntry test/another_zorch.pem
104 silly gunzTarPerm modified mode [ 'test/another_zorch.pem', 420, 438 ]
105 silly gunzTarPerm extractEntry test/pss_tv.pub
106 silly gunzTarPerm modified mode [ 'test/pss_tv.pub', 420, 438 ]
107 silly gunzTarPerm extractEntry test/blort.pem
108 silly gunzTarPerm modified mode [ 'test/blort.pem', 420, 438 ]
109 silly gunzTarPerm extractEntry test/zorch.pem
110 silly gunzTarPerm modified mode [ 'test/zorch.pem', 420, 438 ]
111 silly gunzTarPerm extractEntry test/zorch.pub
112 silly gunzTarPerm modified mode [ 'test/zorch.pub', 420, 438 ]
113 verbose write writing to C:\Users\Kevin\Documents\GitHub\mmo-online-hd\mmo-online-2\node\node_modules\ursa\package.json
114 info preinstall ursa@0.8.5
115 verbose readDependencies loading dependencies from C:\Users\Kevin\Documents\GitHub\mmo-online-hd\mmo-online-2\node\node_modules\ursa\package.json
116 silly prepareForInstallMany adding bindings@^1.2.1 from ursa dependencies
117 silly prepareForInstallMany adding nan@^1.7.0 from ursa dependencies
118 verbose readDependencies loading dependencies from C:\Users\Kevin\Documents\GitHub\mmo-online-hd\mmo-online-2\node\node_modules\ursa\package.json
119 silly cache add args [ 'bindings@^1.2.1', null ]
120 verbose cache add spec bindings@^1.2.1
121 silly cache add args [ 'nan@^1.7.0', null ]
122 verbose cache add spec nan@^1.7.0
123 silly cache add parsed spec { raw: 'bindings@^1.2.1',
123 silly cache add   scope: null,
123 silly cache add   name: 'bindings',
123 silly cache add   rawSpec: '^1.2.1',
123 silly cache add   spec: '>=1.2.1 <2.0.0',
123 silly cache add   type: 'range' }
124 silly addNamed bindings@>=1.2.1 <2.0.0
125 verbose addNamed ">=1.2.1 <2.0.0" is a valid semver range for bindings
126 silly addNameRange { name: 'bindings', range: '>=1.2.1 <2.0.0', hasData: false }
127 silly mapToRegistry name bindings
128 silly mapToRegistry using default registry
129 silly mapToRegistry registry https://registry.npmjs.org/
130 silly mapToRegistry uri https://registry.npmjs.org/bindings
131 verbose addNameRange registry:https://registry.npmjs.org/bindings not in flight; fetching
132 silly cache add parsed spec { raw: 'nan@^1.7.0',
132 silly cache add   scope: null,
132 silly cache add   name: 'nan',
132 silly cache add   rawSpec: '^1.7.0',
132 silly cache add   spec: '>=1.7.0 <2.0.0',
132 silly cache add   type: 'range' }
133 silly addNamed nan@>=1.7.0 <2.0.0
134 verbose addNamed ">=1.7.0 <2.0.0" is a valid semver range for nan
135 silly addNameRange { name: 'nan', range: '>=1.7.0 <2.0.0', hasData: false }
136 silly mapToRegistry name nan
137 silly mapToRegistry using default registry
138 silly mapToRegistry registry https://registry.npmjs.org/
139 silly mapToRegistry uri https://registry.npmjs.org/nan
140 verbose addNameRange registry:https://registry.npmjs.org/nan not in flight; fetching
141 verbose request uri https://registry.npmjs.org/bindings
142 verbose request no auth needed
143 info attempt registry request try #1 at 8:22:50 PM
144 http request GET https://registry.npmjs.org/bindings
145 verbose request uri https://registry.npmjs.org/nan
146 verbose request no auth needed
147 info attempt registry request try #1 at 8:22:50 PM
148 http request GET https://registry.npmjs.org/nan
149 http 200 https://registry.npmjs.org/bindings
150 silly get cb [ 200,
150 silly get   { server: 'CouchDB/1.5.0 (Erlang OTP/R16B03)',
150 silly get     etag: '"BCS5XYG9ISNJFNKEL5FLOI5HX"',
150 silly get     'content-type': 'application/json',
150 silly get     'cache-control': 'max-age=60',
150 silly get     'content-length': '17974',
150 silly get     'accept-ranges': 'bytes',
150 silly get     date: 'Sat, 25 Jul 2015 03:22:51 GMT',
150 silly get     via: '1.1 varnish',
150 silly get     age: '22',
150 silly get     connection: 'keep-alive',
150 silly get     'x-served-by': 'cache-sjc3129-SJC',
150 silly get     'x-cache': 'HIT',
150 silly get     'x-cache-hits': '2',
150 silly get     'x-timer': 'S1437794571.548084,VS0,VE0',
150 silly get     vary: 'Accept' } ]
151 verbose get saving bindings to C:\Users\Kevin\AppData\Roaming\npm-cache\registry.npmjs.org\bindings\.cache.json
152 silly addNameRange number 2 { name: 'bindings', range: '>=1.2.1 <2.0.0', hasData: true }
153 silly addNameRange versions [ 'bindings',
153 silly addNameRange   [ '0.0.1',
153 silly addNameRange     '0.1.0',
153 silly addNameRange     '0.1.1',
153 silly addNameRange     '0.2.0',
153 silly addNameRange     '0.2.1',
153 silly addNameRange     '0.2.2',
153 silly addNameRange     '0.2.3',
153 silly addNameRange     '0.2.4',
153 silly addNameRange     '0.3.0',
153 silly addNameRange     '0.4.0',
153 silly addNameRange     '1.0.0',
153 silly addNameRange     '1.1.0',
153 silly addNameRange     '1.1.1',
153 silly addNameRange     '1.2.0',
153 silly addNameRange     '1.2.1' ] ]
154 silly addNamed bindings@1.2.1
155 verbose addNamed "1.2.1" is a plain semver version for bindings
156 silly mapToRegistry name bindings
157 silly mapToRegistry using default registry
158 silly mapToRegistry registry https://registry.npmjs.org/
159 silly mapToRegistry uri https://registry.npmjs.org/bindings
160 verbose addRemoteTarball https://registry.npmjs.org/bindings/-/bindings-1.2.1.tgz not in flight; adding
161 verbose addRemoteTarball [ 'https://registry.npmjs.org/bindings/-/bindings-1.2.1.tgz',
161 verbose addRemoteTarball   '14ad6113812d2d37d72e67b4cacb4bb726505f11' ]
162 info retry fetch attempt 1 at 8:22:50 PM
163 info attempt registry request try #1 at 8:22:50 PM
164 http fetch GET https://registry.npmjs.org/bindings/-/bindings-1.2.1.tgz
165 http fetch 200 https://registry.npmjs.org/bindings/-/bindings-1.2.1.tgz
166 silly fetchAndShaCheck shasum 14ad6113812d2d37d72e67b4cacb4bb726505f11
167 verbose addTmpTarball C:\Users\Kevin\AppData\Local\Temp\npm-8628-a764405f\registry.npmjs.org\bindings\-\bindings-1.2.1.tgz not in flight; adding
168 verbose addTmpTarball already have metadata; skipping unpack for bindings@1.2.1
169 silly cache afterAdd bindings@1.2.1
170 verbose afterAdd C:\Users\Kevin\AppData\Roaming\npm-cache\bindings\1.2.1\package\package.json not in flight; writing
171 verbose afterAdd C:\Users\Kevin\AppData\Roaming\npm-cache\bindings\1.2.1\package\package.json written
172 http 200 https://registry.npmjs.org/nan
173 silly get cb [ 200,
173 silly get   { server: 'CouchDB/1.5.0 (Erlang OTP/R16B03)',
173 silly get     etag: '"9T2TEINHQE1CYR42PWQNCEY3X"',
173 silly get     'content-type': 'application/json',
173 silly get     'cache-control': 'max-age=60',
173 silly get     'content-length': '109608',
173 silly get     'accept-ranges': 'bytes',
173 silly get     date: 'Sat, 25 Jul 2015 03:22:51 GMT',
173 silly get     via: '1.1 varnish',
173 silly get     age: '23',
173 silly get     connection: 'keep-alive',
173 silly get     'x-served-by': 'cache-sjc3133-SJC',
173 silly get     'x-cache': 'HIT',
173 silly get     'x-cache-hits': '2',
173 silly get     'x-timer': 'S1437794571.552904,VS0,VE0',
173 silly get     vary: 'Accept' } ]
174 verbose get saving nan to C:\Users\Kevin\AppData\Roaming\npm-cache\registry.npmjs.org\nan\.cache.json
175 silly addNameRange number 2 { name: 'nan', range: '>=1.7.0 <2.0.0', hasData: true }
176 silly addNameRange versions [ 'nan',
176 silly addNameRange   [ '0.3.0-wip',
176 silly addNameRange     '0.3.0-wip2',
176 silly addNameRange     '0.3.0',
176 silly addNameRange     '0.3.1',
176 silly addNameRange     '0.3.2',
176 silly addNameRange     '0.4.0',
176 silly addNameRange     '0.4.1',
176 silly addNameRange     '0.4.2',
176 silly addNameRange     '0.4.3',
176 silly addNameRange     '0.4.4',
176 silly addNameRange     '0.5.0',
176 silly addNameRange     '0.5.1',
176 silly addNameRange     '0.5.2',
176 silly addNameRange     '0.6.0',
176 silly addNameRange     '0.7.0',
176 silly addNameRange     '0.7.1',
176 silly addNameRange     '0.8.0',
176 silly addNameRange     '1.0.0',
176 silly addNameRange     '1.1.0',
176 silly addNameRange     '1.1.1',
176 silly addNameRange     '1.1.2',
176 silly addNameRange     '1.2.0',
176 silly addNameRange     '1.3.0',
176 silly addNameRange     '1.4.0',
176 silly addNameRange     '1.4.1',
176 silly addNameRange     '1.5.0',
176 silly addNameRange     '1.4.2',
176 silly addNameRange     '1.4.3',
176 silly addNameRange     '1.5.1',
176 silly addNameRange     '1.5.2',
176 silly addNameRange     '1.6.0',
176 silly addNameRange     '1.5.3',
176 silly addNameRange     '1.6.1',
176 silly addNameRange     '1.6.2',
176 silly addNameRange     '1.7.0',
176 silly addNameRange     '1.8.0',
176 silly addNameRange     '1.8.1',
176 silly addNameRange     '1.8.2',
176 silly addNameRange     '1.8.3',
176 silly addNameRange     '1.8.4' ] ]
177 silly addNamed nan@1.8.4
178 verbose addNamed "1.8.4" is a plain semver version for nan
179 silly mapToRegistry name nan
180 silly mapToRegistry using default registry
181 silly mapToRegistry registry https://registry.npmjs.org/
182 silly mapToRegistry uri https://registry.npmjs.org/nan
183 verbose addRemoteTarball https://registry.npmjs.org/nan/-/nan-1.8.4.tgz not in flight; adding
184 verbose addRemoteTarball [ 'https://registry.npmjs.org/nan/-/nan-1.8.4.tgz',
184 verbose addRemoteTarball   '3c76b5382eab33e44b758d2813ca9d92e9342f34' ]
185 info retry fetch attempt 1 at 8:22:50 PM
186 info attempt registry request try #1 at 8:22:50 PM
187 http fetch GET https://registry.npmjs.org/nan/-/nan-1.8.4.tgz
188 http fetch 200 https://registry.npmjs.org/nan/-/nan-1.8.4.tgz
189 silly fetchAndShaCheck shasum 3c76b5382eab33e44b758d2813ca9d92e9342f34
190 verbose addTmpTarball C:\Users\Kevin\AppData\Local\Temp\npm-8628-a764405f\registry.npmjs.org\nan\-\nan-1.8.4.tgz not in flight; adding
191 verbose addTmpTarball already have metadata; skipping unpack for nan@1.8.4
192 silly cache afterAdd nan@1.8.4
193 verbose afterAdd C:\Users\Kevin\AppData\Roaming\npm-cache\nan\1.8.4\package\package.json not in flight; writing
194 verbose afterAdd C:\Users\Kevin\AppData\Roaming\npm-cache\nan\1.8.4\package\package.json written
195 silly install resolved [ { name: 'bindings',
195 silly install resolved     description: 'Helper module for loading your native module\'s .node file',
195 silly install resolved     keywords: [ 'native', 'addon', 'bindings', 'gyp', 'waf', 'c', 'c++' ],
195 silly install resolved     version: '1.2.1',
195 silly install resolved     author:
195 silly install resolved      { name: 'Nathan Rajlich',
195 silly install resolved        email: 'nathan@tootallnate.net',
195 silly install resolved        url: 'http://tootallnate.net' },
195 silly install resolved     repository:
195 silly install resolved      { type: 'git',
195 silly install resolved        url: 'git://github.com/TooTallNate/node-bindings.git' },
195 silly install resolved     main: './bindings.js',
195 silly install resolved     bugs: { url: 'https://github.com/TooTallNate/node-bindings/issues' },
195 silly install resolved     homepage: 'https://github.com/TooTallNate/node-bindings',
195 silly install resolved     license: 'MIT',
195 silly install resolved     gitHead: 'e404152ee27f8478ccbc7122ee051246e8e5ec02',
195 silly install resolved     _id: 'bindings@1.2.1',
195 silly install resolved     scripts: {},
195 silly install resolved     _shasum: '14ad6113812d2d37d72e67b4cacb4bb726505f11',
195 silly install resolved     _from: 'bindings@>=1.2.1 <2.0.0',
195 silly install resolved     _npmVersion: '1.4.14',
195 silly install resolved     _npmUser: { name: 'tootallnate', email: 'nathan@tootallnate.net' },
195 silly install resolved     maintainers: [ [Object], [Object] ],
195 silly install resolved     dist:
195 silly install resolved      { shasum: '14ad6113812d2d37d72e67b4cacb4bb726505f11',
195 silly install resolved        tarball: 'http://registry.npmjs.org/bindings/-/bindings-1.2.1.tgz' },
195 silly install resolved     directories: {},
195 silly install resolved     _resolved: 'https://registry.npmjs.org/bindings/-/bindings-1.2.1.tgz' },
195 silly install resolved   { name: 'nan',
195 silly install resolved     version: '1.8.4',
195 silly install resolved     description: 'Native Abstractions for Node.js: C++ header for Node 0.8->0.12 compatibility',
195 silly install resolved     main: 'include_dirs.js',
195 silly install resolved     repository: { type: 'git', url: 'git://github.com/iojs/nan.git' },
195 silly install resolved     scripts:
195 silly install resolved      { test: 'tap --gc test/js/*-test.js',
195 silly install resolved        'rebuild-tests': 'pangyp rebuild --directory test' },
195 silly install resolved     contributors:
195 silly install resolved      [ [Object],
195 silly install resolved        [Object],
195 silly install resolved        [Object],
195 silly install resolved        [Object],
195 silly install resolved        [Object],
195 silly install resolved        [Object],
195 silly install resolved        [Object] ],
195 silly install resolved     devDependencies:
195 silly install resolved      { bindings: '~1.2.1',
195 silly install resolved        'node-gyp': '~1.0.2',
195 silly install resolved        pangyp: '~2.0.1',
195 silly install resolved        tap: '~0.7.1',
195 silly install resolved        xtend: '~4.0.0' },
195 silly install resolved     license: 'MIT',
195 silly install resolved     gitHead: 'ed3bbf4ced0cf7937b4e4164766797f71aa97f3d',
195 silly install resolved     bugs: { url: 'https://github.com/iojs/nan/issues' },
195 silly install resolved     homepage: 'https://github.com/iojs/nan#readme',
195 silly install resolved     _id: 'nan@1.8.4',
195 silly install resolved     _shasum: '3c76b5382eab33e44b758d2813ca9d92e9342f34',
195 silly install resolved     _from: 'nan@>=1.7.0 <2.0.0',
195 silly install resolved     _npmVersion: '2.8.3',
195 silly install resolved     _nodeVersion: '0.12.2',
195 silly install resolved     _npmUser: { name: 'kkoopa', email: 'bbyholm@abo.fi' },
195 silly install resolved     maintainers: [ [Object], [Object] ],
195 silly install resolved     dist:
195 silly install resolved      { shasum: '3c76b5382eab33e44b758d2813ca9d92e9342f34',
195 silly install resolved        tarball: 'http://registry.npmjs.org/nan/-/nan-1.8.4.tgz' },
195 silly install resolved     directories: {},
195 silly install resolved     _resolved: 'https://registry.npmjs.org/nan/-/nan-1.8.4.tgz' } ]
196 info install bindings@1.2.1 into C:\Users\Kevin\Documents\GitHub\mmo-online-hd\mmo-online-2\node\node_modules\ursa
197 info install nan@1.8.4 into C:\Users\Kevin\Documents\GitHub\mmo-online-hd\mmo-online-2\node\node_modules\ursa
198 info installOne bindings@1.2.1
199 verbose installOne of bindings to C:\Users\Kevin\Documents\GitHub\mmo-online-hd\mmo-online-2\node\node_modules\ursa not in flight; installing
200 info installOne nan@1.8.4
201 verbose installOne of nan to C:\Users\Kevin\Documents\GitHub\mmo-online-hd\mmo-online-2\node\node_modules\ursa not in flight; installing
202 verbose lock using C:\Users\Kevin\AppData\Roaming\npm-cache\_locks\bindings-7655207bad0c381b.lock for C:\Users\Kevin\Documents\GitHub\mmo-online-hd\mmo-online-2\node\node_modules\ursa\node_modules\bindings
203 silly install write writing bindings 1.2.1 to C:\Users\Kevin\Documents\GitHub\mmo-online-hd\mmo-online-2\node\node_modules\ursa\node_modules\bindings
204 verbose lock using C:\Users\Kevin\AppData\Roaming\npm-cache\_locks\nan-2eb34da92bc5ef75.lock for C:\Users\Kevin\Documents\GitHub\mmo-online-hd\mmo-online-2\node\node_modules\ursa\node_modules\nan
205 silly install write writing nan 1.8.4 to C:\Users\Kevin\Documents\GitHub\mmo-online-hd\mmo-online-2\node\node_modules\ursa\node_modules\nan
206 verbose unbuild node_modules\ursa\node_modules\bindings
207 silly gentlyRm C:\Users\Kevin\Documents\GitHub\mmo-online-hd\mmo-online-2\node\node_modules\ursa\node_modules\bindings is being purged from base C:\Users\Kevin\Documents\GitHub\mmo-online-hd\mmo-online-2\node
208 verbose gentlyRm don't care about contents; nuking C:\Users\Kevin\Documents\GitHub\mmo-online-hd\mmo-online-2\node\node_modules\ursa\node_modules\bindings
209 verbose tar unpack C:\Users\Kevin\AppData\Roaming\npm-cache\bindings\1.2.1\package.tgz
210 verbose tar unpacking to C:\Users\Kevin\Documents\GitHub\mmo-online-hd\mmo-online-2\node\node_modules\ursa\node_modules\bindings
211 silly gentlyRm C:\Users\Kevin\Documents\GitHub\mmo-online-hd\mmo-online-2\node\node_modules\ursa\node_modules\bindings is being purged
212 verbose gentlyRm don't care about contents; nuking C:\Users\Kevin\Documents\GitHub\mmo-online-hd\mmo-online-2\node\node_modules\ursa\node_modules\bindings
213 verbose unbuild node_modules\ursa\node_modules\nan
214 silly gunzTarPerm modes [ '777', '666' ]
215 silly gentlyRm C:\Users\Kevin\Documents\GitHub\mmo-online-hd\mmo-online-2\node\node_modules\ursa\node_modules\nan is being purged from base C:\Users\Kevin\Documents\GitHub\mmo-online-hd\mmo-online-2\node
216 verbose gentlyRm don't care about contents; nuking C:\Users\Kevin\Documents\GitHub\mmo-online-hd\mmo-online-2\node\node_modules\ursa\node_modules\nan
217 verbose tar unpack C:\Users\Kevin\AppData\Roaming\npm-cache\nan\1.8.4\package.tgz
218 verbose tar unpacking to C:\Users\Kevin\Documents\GitHub\mmo-online-hd\mmo-online-2\node\node_modules\ursa\node_modules\nan
219 silly gentlyRm C:\Users\Kevin\Documents\GitHub\mmo-online-hd\mmo-online-2\node\node_modules\ursa\node_modules\nan is being purged
220 verbose gentlyRm don't care about contents; nuking C:\Users\Kevin\Documents\GitHub\mmo-online-hd\mmo-online-2\node\node_modules\ursa\node_modules\nan
221 silly gunzTarPerm modes [ '777', '666' ]
222 silly gunzTarPerm extractEntry package.json
223 silly gunzTarPerm modified mode [ 'package.json', 420, 438 ]
224 silly gunzTarPerm extractEntry README.md
225 silly gunzTarPerm modified mode [ 'README.md', 420, 438 ]
226 silly gunzTarPerm extractEntry bindings.js
227 silly gunzTarPerm modified mode [ 'bindings.js', 420, 438 ]
228 silly gunzTarPerm extractEntry package.json
229 silly gunzTarPerm modified mode [ 'package.json', 436, 438 ]
230 silly gunzTarPerm extractEntry README.md
231 silly gunzTarPerm modified mode [ 'README.md', 436, 438 ]
232 silly gunzTarPerm extractEntry include_dirs.js
233 silly gunzTarPerm modified mode [ 'include_dirs.js', 436, 438 ]
234 silly gunzTarPerm extractEntry LICENSE.md
235 silly gunzTarPerm modified mode [ 'LICENSE.md', 436, 438 ]
236 silly gunzTarPerm extractEntry .dntrc
237 silly gunzTarPerm modified mode [ '.dntrc', 436, 438 ]
238 silly gunzTarPerm extractEntry appveyor.yml
239 silly gunzTarPerm modified mode [ 'appveyor.yml', 436, 438 ]
240 silly gunzTarPerm extractEntry nan.h
241 silly gunzTarPerm modified mode [ 'nan.h', 436, 438 ]
242 silly gunzTarPerm extractEntry nan_implementation_12_inl.h
243 silly gunzTarPerm modified mode [ 'nan_implementation_12_inl.h', 436, 438 ]
244 silly gunzTarPerm extractEntry nan_implementation_pre_12_inl.h
245 silly gunzTarPerm modified mode [ 'nan_implementation_pre_12_inl.h', 436, 438 ]
246 verbose write writing to C:\Users\Kevin\Documents\GitHub\mmo-online-hd\mmo-online-2\node\node_modules\ursa\node_modules\bindings\package.json
247 silly gunzTarPerm extractEntry nan_new.h
248 silly gunzTarPerm modified mode [ 'nan_new.h', 436, 438 ]
249 silly gunzTarPerm extractEntry nan_string_bytes.h
250 silly gunzTarPerm modified mode [ 'nan_string_bytes.h', 436, 438 ]
251 info preinstall bindings@1.2.1
252 verbose readDependencies loading dependencies from C:\Users\Kevin\Documents\GitHub\mmo-online-hd\mmo-online-2\node\node_modules\ursa\node_modules\bindings\package.json
253 silly gunzTarPerm extractEntry CHANGELOG.md
254 silly gunzTarPerm modified mode [ 'CHANGELOG.md', 436, 438 ]
255 verbose readDependencies loading dependencies from C:\Users\Kevin\Documents\GitHub\mmo-online-hd\mmo-online-2\node\node_modules\ursa\node_modules\bindings\package.json
256 silly install resolved []
257 verbose about to build C:\Users\Kevin\Documents\GitHub\mmo-online-hd\mmo-online-2\node\node_modules\ursa\node_modules\bindings
258 info build C:\Users\Kevin\Documents\GitHub\mmo-online-hd\mmo-online-2\node\node_modules\ursa\node_modules\bindings
259 info linkStuff bindings@1.2.1
260 silly linkStuff bindings@1.2.1 has C:\Users\Kevin\Documents\GitHub\mmo-online-hd\mmo-online-2\node\node_modules\ursa\node_modules as its parent node_modules
261 verbose linkBins bindings@1.2.1
262 verbose linkMans bindings@1.2.1
263 verbose rebuildBundles bindings@1.2.1
264 info install bindings@1.2.1
265 info postinstall bindings@1.2.1
266 verbose unlock done using C:\Users\Kevin\AppData\Roaming\npm-cache\_locks\bindings-7655207bad0c381b.lock for C:\Users\Kevin\Documents\GitHub\mmo-online-hd\mmo-online-2\node\node_modules\ursa\node_modules\bindings
267 verbose write writing to C:\Users\Kevin\Documents\GitHub\mmo-online-hd\mmo-online-2\node\node_modules\ursa\node_modules\nan\package.json
268 info preinstall nan@1.8.4
269 verbose readDependencies loading dependencies from C:\Users\Kevin\Documents\GitHub\mmo-online-hd\mmo-online-2\node\node_modules\ursa\node_modules\nan\package.json
270 verbose readDependencies loading dependencies from C:\Users\Kevin\Documents\GitHub\mmo-online-hd\mmo-online-2\node\node_modules\ursa\node_modules\nan\package.json
271 silly install resolved []
272 verbose about to build C:\Users\Kevin\Documents\GitHub\mmo-online-hd\mmo-online-2\node\node_modules\ursa\node_modules\nan
273 info build C:\Users\Kevin\Documents\GitHub\mmo-online-hd\mmo-online-2\node\node_modules\ursa\node_modules\nan
274 info linkStuff nan@1.8.4
275 silly linkStuff nan@1.8.4 has C:\Users\Kevin\Documents\GitHub\mmo-online-hd\mmo-online-2\node\node_modules\ursa\node_modules as its parent node_modules
276 verbose linkBins nan@1.8.4
277 verbose linkMans nan@1.8.4
278 verbose rebuildBundles nan@1.8.4
279 info install nan@1.8.4
280 info postinstall nan@1.8.4
281 verbose unlock done using C:\Users\Kevin\AppData\Roaming\npm-cache\_locks\nan-2eb34da92bc5ef75.lock for C:\Users\Kevin\Documents\GitHub\mmo-online-hd\mmo-online-2\node\node_modules\ursa\node_modules\nan
282 verbose about to build C:\Users\Kevin\Documents\GitHub\mmo-online-hd\mmo-online-2\node\node_modules\ursa
283 info build C:\Users\Kevin\Documents\GitHub\mmo-online-hd\mmo-online-2\node\node_modules\ursa
284 info linkStuff ursa@0.8.5
285 silly linkStuff ursa@0.8.5 has C:\Users\Kevin\Documents\GitHub\mmo-online-hd\mmo-online-2\node\node_modules as its parent node_modules
286 verbose linkBins ursa@0.8.5
287 verbose linkMans ursa@0.8.5
288 verbose rebuildBundles ursa@0.8.5
289 verbose rebuildBundles [ 'bindings', 'nan' ]
290 info install ursa@0.8.5
291 verbose unsafe-perm in lifecycle true
292 info ursa@0.8.5 Failed to exec install script
293 verbose unlock done using C:\Users\Kevin\AppData\Roaming\npm-cache\_locks\ursa-15e45be734d0ef50.lock for C:\Users\Kevin\Documents\GitHub\mmo-online-hd\mmo-online-2\node\node_modules\ursa
294 verbose stack Error: ursa@0.8.5 install: `node-gyp rebuild`
294 verbose stack Exit status 1
294 verbose stack     at EventEmitter.<anonymous> (C:\Program Files\nodejs\node_modules\npm\lib\utils\lifecycle.js:213:16)
294 verbose stack     at EventEmitter.emit (events.js:110:17)
294 verbose stack     at ChildProcess.<anonymous> (C:\Program Files\nodejs\node_modules\npm\lib\utils\spawn.js:24:14)
294 verbose stack     at ChildProcess.emit (events.js:110:17)
294 verbose stack     at maybeClose (child_process.js:1015:16)
294 verbose stack     at Process.ChildProcess._handle.onexit (child_process.js:1087:5)
295 verbose pkgid ursa@0.8.5
296 verbose cwd C:\Users\Kevin\Documents\GitHub\mmo-online-hd\mmo-online-2\node
297 error Windows_NT 6.3.9600
298 error argv "C:\\Program Files\\nodejs\\\\node.exe" "C:\\Program Files\\nodejs\\node_modules\\npm\\bin\\npm-cli.js" "install" "ursa"
299 error node v0.12.4
300 error npm  v2.10.1
301 error code ELIFECYCLE
302 error ursa@0.8.5 install: `node-gyp rebuild`
302 error Exit status 1
303 error Failed at the ursa@0.8.5 install script 'node-gyp rebuild'.
303 error This is most likely a problem with the ursa package,
303 error not with npm itself.
303 error Tell the author that this fails on your system:
303 error     node-gyp rebuild
303 error You can get their info via:
303 error     npm owner ls ursa
303 error There is likely additional logging output above.
304 verbose exit [ 1, true ]
305 verbose unbuild node_modules\ursa
306 info preuninstall ursa@0.8.5
307 info uninstall ursa@0.8.5
308 verbose unbuild rmStuff ursa@0.8.5 from C:\Users\Kevin\Documents\GitHub\mmo-online-hd\mmo-online-2\node\node_modules
309 info postuninstall ursa@0.8.5
310 silly gentlyRm C:\Users\Kevin\Documents\GitHub\mmo-online-hd\mmo-online-2\node\node_modules\ursa is being purged from base C:\Users\Kevin\Documents\GitHub\mmo-online-hd\mmo-online-2\node
311 verbose gentlyRm don't care about contents; nuking C:\Users\Kevin\Documents\GitHub\mmo-online-hd\mmo-online-2\node\node_modules\ursa
312 silly vacuum-fs purging C:\Users\Kevin\Documents\GitHub\mmo-online-hd\mmo-online-2\node\node_modules\ursa
313 silly vacuum-fs quitting because other entries in C:\Users\Kevin\Documents\GitHub\mmo-online-hd\mmo-online-2\node\node_modules
